0 info it worked if it ends with ok
1 verbose cli [ 'C:\\Program Files\\nodejs\\node.exe',
1 verbose cli   'C:\\Program Files\\nodejs\\node_modules\\npm\\bin\\npm-cli.js',
1 verbose cli   'start',
1 verbose cli   'www/bin' ]
2 info using npm@4.0.5
3 info using node@v7.4.0
4 verbose run-script [ 'prestart', 'start', 'poststart' ]
5 info lifecycle fullstack-project@0.0.0~prestart: fullstack-project@0.0.0
6 silly lifecycle fullstack-project@0.0.0~prestart: no script for prestart, continuing
7 info lifecycle fullstack-project@0.0.0~start: fullstack-project@0.0.0
8 verbose lifecycle fullstack-project@0.0.0~start: unsafe-perm in lifecycle true
9 verbose lifecycle fullstack-project@0.0.0~start: PATH: C:\Program Files\nodejs\node_modules\npm\bin\node-gyp-bin;C:\Users\anatoli\Documents\GitHub\cost-comparison\node_modules\.bin;C:\Users\anatoli\bin;C:\Users\anatoli\AppData\Local\GitHub\PortableGit_f02737a78695063deace08e96d5042710d3e32db\usr\local\bin;C:\Users\anatoli\AppData\Local\GitHub\PortableGit_f02737a78695063deace08e96d5042710d3e32db\usr\bin;C:\Users\anatoli\AppData\Local\GitHub\PortableGit_f02737a78695063deace08e96d5042710d3e32db\usr\bin;C:\Users\anatoli\AppData\Local\GitHub\PortableGit_f02737a78695063deace08e96d5042710d3e32db\cmd;C:\Users\anatoli\AppData\Local\GitHub\PortableGit_f02737a78695063deace08e96d5042710d3e32db\usr\bin;C:\Users\anatoli\AppData\Local\GitHub\PortableGit_f02737a78695063deace08e96d5042710d3e32db\usr\share\git-tfs;C:\Users\anatoli\AppData\Local\Apps\2.0\4PV1Z4LL.ZNJ\8VRBDO1H.G7A\gith..tion_317444273a93ac29_0003.0003_5794af8169eeff14;C:\Users\anatoli\AppData\Local\GitHub\lfs-amd64_1.5.5;C:\ProgramData\Oracle\Java\javapath;C:\Program Files (x86)\PC Connectivity Solution;C:\Program Files (x86)\Intel\iCLS Client;C:\Program Files\Intel\iCLS Client;C:\Windows\system32;C:\Windows;C:\Windows\System32\Wbem;C:\Windows\System32\WindowsPowerShell\v1.0;C:\Program Files\Intel\WiFi\bin;C:\Program Files\Common Files\Intel\WirelessCommon;C:\Program Files\Intel\Intel(R) Management Engine Components\DAL;C:\Program Files (x86)\Intel\Intel(R) Management Engine Components\DAL;C:\Program Files\Intel\Intel(R) Management Engine Components\IPT;C:\Program Files (x86)\Intel\Intel(R) Management Engine Components\IPT;C:\Program Files (x86)\Skype\Phone;C:\Program Files (x86)\GNU\GnuPG\pub;C:\Program Files\nodejs;C:\Program Files (x86)\PuTTY;C:\Program Files\Git\cmd;C:\Users\anatoli\AppData\Roaming\npm;C:\Program Files\Docker Toolbox;C:\Windows\Microsoft.NET\Framework\v4.0.30319;C:\Users\anatoli\AppData\Local\GitHub\PortableGit_f02737a78695063deace08e96d5042710d3e32db\usr\bin\vendor_perl;C:\Users\anatoli\AppData\Local\GitHub\PortableGit_f02737a78695063deace08e96d5042710d3e32db\usr\bin\core_perl
10 verbose lifecycle fullstack-project@0.0.0~start: CWD: C:\Users\anatoli\Documents\GitHub\cost-comparison
11 silly lifecycle fullstack-project@0.0.0~start: Args: [ '/d /s /c', 'npm bin/www "www/bin"' ]
12 silly lifecycle fullstack-project@0.0.0~start: Returned: code: 1  signal: null
13 info lifecycle fullstack-project@0.0.0~start: Failed to exec start script
14 verbose stack Error: fullstack-project@0.0.0 start: `npm bin/www "www/bin"`
14 verbose stack Exit status 1
14 verbose stack     at EventEmitter.<anonymous> (C:\Program Files\nodejs\node_modules\npm\lib\utils\lifecycle.js:279:16)
14 verbose stack     at emitTwo (events.js:106:13)
14 verbose stack     at EventEmitter.emit (events.js:191:7)
14 verbose stack     at ChildProcess.<anonymous> (C:\Program Files\nodejs\node_modules\npm\lib\utils\spawn.js:40:14)
14 verbose stack     at emitTwo (events.js:106:13)
14 verbose stack     at ChildProcess.emit (events.js:191:7)
14 verbose stack     at maybeClose (internal/child_process.js:885:16)
14 verbose stack     at Process.ChildProcess._handle.onexit (internal/child_process.js:226:5)
15 verbose pkgid fullstack-project@0.0.0
16 verbose cwd C:\Users\anatoli\Documents\GitHub\cost-comparison
17 error Windows_NT 6.1.7601
18 error argv "C:\\Program Files\\nodejs\\node.exe" "C:\\Program Files\\nodejs\\node_modules\\npm\\bin\\npm-cli.js" "start" "www/bin"
19 error node v7.4.0
20 error npm  v4.0.5
21 error code ELIFECYCLE
22 error fullstack-project@0.0.0 start: `npm bin/www "www/bin"`
22 error Exit status 1
23 error Failed at the fullstack-project@0.0.0 start script 'npm bin/www "www/bin"'.
23 error Make sure you have the latest version of node.js and npm installed.
23 error If you do, this is most likely a problem with the fullstack-project package,
23 error not with npm itself.
23 error Tell the author that this fails on your system:
23 error     npm bin/www "www/bin"
23 error You can get information on how to open an issue for this project with:
23 error     npm bugs fullstack-project
23 error Or if that isn't available, you can get their info via:
23 error     npm owner ls fullstack-project
23 error There is likely additional logging output above.
24 verbose exit [ 1, true ]
